<?xml version="1.0" encoding="UTF-8"?>
<testng-results skipped="0" failed="0" ignored="0" total="1" passed="1">
  <reporter-output>
  </reporter-output>
  <suite name="Default suite" duration-ms="15225" started-at="2019-03-06T14:24:53Z" finished-at="2019-03-06T14:25:08Z">
    <groups>
    </groups>
    <test name="Default test" duration-ms="15225" started-at="2019-03-06T14:24:53Z" finished-at="2019-03-06T14:25:08Z">
      <class name="selenium2.TimeDynamo_Login">
        <test-method status="PASS" signature="testt()[pri:0, instance:selenium2.TimeDynamo_Login@59fa1d9b]" name="testt" duration-ms="15176" started-at="2019-03-06T14:24:53Z" finished-at="2019-03-06T14:25:08Z">
          <reporter-output>
          </reporter-output>
        </test-method> <!-- testt -->
      </class> <!-- selenium2.TimeDynamo_Login -->
    </test> <!-- Default test -->
  </suite> <!-- Default suite -->
</testng-results>
